[22:11:01] [ServerMain/INFO]: Environment: authHost='https://authserver.mojang.com', accountsHost='https://api.mojang.com', sessionHost='https://sessionserver.mojang.com', servicesHost='https://api.minecraftservices.com', name='PROD'
[22:11:01] [ServerMain/INFO]: Loaded 7 recipes
[22:11:02] [Server thread/INFO]: Starting minecraft server version 1.19.4
[22:11:02] [Server thread/INFO]: Loading properties
[22:11:02] [Server thread/INFO]: This server is running Paper version git-Paper-538 (MC: 1.19.4) (Implementing API version 1.19.4-R0.1-SNAPSHOT) (Git: bcd8dc2)
[22:11:02] [Server thread/INFO]: Server Ping Player Sample Count: 12
[22:11:02] [Server thread/INFO]: Using 4 threads for Netty based IO
[22:11:02] [Server thread/WARN]: [!] The timings profiler has been enabled but has been scheduled for removal from Paper in the future.
    We recommend installing the spark profiler as a replacement: https://spark.lucko.me/
    For more information please visit: https://github.com/PaperMC/Paper/issues/8948
[22:11:02] [Server thread/INFO]: [ChunkTaskScheduler] Chunk system is using 1 I/O threads, 2 worker threads, and gen parallelism of 2 threads
[22:11:02] [Server thread/INFO]: Default game type: SURVIVAL
[22:11:02] [Server thread/INFO]: Generating keypair
[22:11:02] [Server thread/INFO]: Starting Minecraft server on *:25565
[22:11:02] [Server thread/INFO]: Using epoll channel type
[22:11:02] [Server thread/INFO]: Paper: Using libdeflate (Linux x86_64) compression from Velocity.
[22:11:02] [Server thread/INFO]: Paper: Using OpenSSL 3.0.x (Linux x86_64) cipher from Velocity.
[22:11:03] [Server thread/INFO]: [WorldEdit] Loading server plugin WorldEdit v7.2.14+6360-094b734
[22:11:03] [Server thread/INFO]: Got request to register class com.sk89q.worldedit.bukkit.BukkitServerInterface with WorldEdit [com.sk89q.worldedit.extension.platform.PlatformManager@7dac3bd0]
[22:11:03] [Server thread/INFO]: [WorldEdit] Default configuration file written: config.yml
[22:11:03] [Server thread/INFO]: Server permissions file permissions.yml is empty, ignoring it
[22:11:03] [Server thread/INFO]: [WorldEdit] Enabling WorldEdit v7.2.14+6360-094b734
[22:11:03] [Server thread/INFO]: Registering commands with com.sk89q.worldedit.bukkit.BukkitServerInterface
[22:11:03] [Server thread/INFO]: WEPIF: Updated config file
[22:11:03] [Server thread/INFO]: WEPIF: Using the Bukkit Permissions API.
[22:11:03] [Server thread/INFO]: Using com.sk89q.worldedit.bukkit.adapter.impl.v1_19_R3.PaperweightAdapter as the Bukkit adapter
[22:11:04] [Server thread/WARN]: **** SERVER IS RUNNING IN OFFLINE/INSECURE MODE!
[22:11:04] [Server thread/WARN]: The server will make no attempt to authenticate usernames. Beware.
[22:11:04] [Server thread/WARN]: While this makes the game possible to play without internet access, it also opens up the ability for hackers to connect with any username they choose.
[22:11:04] [Server thread/WARN]: To change this, set "online-mode" to "true" in the server.properties file.
[22:11:04] [Server thread/INFO]: Preparing level "world"
[22:11:05] [Server thread/INFO]: Preparing start region for dimension minecraft:overworld
[22:11:05] [Server thread/INFO]: Time elapsed: 97 ms
[22:11:05] [Server thread/INFO]: Preparing start region for dimension minecraft:the_nether
[22:11:05] [Server thread/INFO]: Time elapsed: 156 ms
[22:11:05] [Server thread/INFO]: Preparing start region for dimension minecraft:the_end
[22:11:05] [Server thread/INFO]: Time elapsed: 21 ms
[22:11:05] [Server thread/INFO]: Running delayed init tasks
[22:11:05] [Server thread/INFO]: Done (3.164s)! For help, type "help"
[22:11:05] [Server thread/INFO]: Timings Reset
[22:11:13] [User Authenticator #0/INFO]: UUID of player eneskey is cd6653e0-e938-3682-b879-a9b329758645
[22:11:13] [Server thread/INFO]: eneskey joined the game
[22:11:14] [Server thread/INFO]: eneskey[/192.168.1.5:37612] logged in with entity id 209 at ([world]108.54355007639263, 103.78351091432364, -36.87479327214566)
[22:11:19] [Server thread/INFO]: eneskey issued server command: /gamemode 1
[22:11:21] [Server thread/INFO]: eneskey issued server command: /gamemode creative
[22:11:21] [Server thread/INFO]: [eneskey: Set own game mode to Creative Mode]
[22:11:30] [Server thread/INFO]: eneskey issued server command: //wand
[22:11:52] [Server thread/INFO]: eneskey issued server command: //set 0
[22:12:04] [Server thread/INFO]: eneskey issued server command: //set 0
[22:12:15] [Server thread/INFO]: eneskey issued server command: //set 0
[22:12:48] [Server thread/INFO]: eneskey issued server command: /undo
[22:12:49] [Server thread/INFO]: eneskey issued server command: /undo
[22:12:50] [Server thread/INFO]: eneskey issued server command: /undo
[22:12:51] [Server thread/INFO]: eneskey issued server command: /undo
[22:13:02] [Async Chat Thread - #1/INFO]: [Not Secure] <eneskey> dd
